[INFO][FMUCHK] FMI compliance checker 2.0.4 [FMILibrary: 2.0.3] build date: Nov  6 2017
[INFO][FMUCHK] Called with following options:
[INFO][FMUCHK] fmuCheck.win32.exe -k cs -o CoupledClutches_ref.csv -i CoupledClutches_in.csv -e CoupledClutches_cc.log -h 1e-3 -s 1.5 CoupledClutches.fmu
[INFO][FMUCHK] Will process FMU CoupledClutches.fmu
[INFO][FMILIB] XML specifies FMI standard version 1.0
[INFO][FMI1XML] Processing implementation element (co-simulation FMU detected)
[INFO][FMUCHK] Model name: CoupledClutches
[INFO][FMUCHK] Model identifier: CoupledClutches
[INFO][FMUCHK] Model GUID: {707ea678-51b5-4a11-a5f4-8043a4bf7d6a}
[INFO][FMUCHK] Model version: 
[INFO][FMUCHK] FMU kind: CoSimulation_StandAlone
[INFO][FMUCHK] The FMU contains:
30 constants
39 parameters
15 discrete variables
84 continuous variables
1 inputs
4 outputs
163 internal variables
0 variables with causality 'none'
127 real variables
25 integer variables
0 enumeration variables
16 boolean variables
0 string variables

[INFO][FMUCHK] Printing output file header
[INFO][FMUCHK] Opening input file CoupledClutches_in.csv
[INFO][FMUCHK] Detected separator character in input file: ,
[INFO][FMILIB] Loading 'win32' binary with 'standard32' platform types
[INFO][FMUCHK] Version returned from FMU:   1.0
[INFO][FMUCHK] Checking that FMI set functions can be called with zero length arrays
[INFO][FMUCHK] Initialized FMU for simulation starting at time 0
[INFO][FMUCHK] Checking that FMI get functions can be called with zero length arrays
[INFO][FMUCHK] Simulation finished successfully at time 1.5
FMU check summary:
FMU reported:
	0 warning(s) and error(s)
Checker reported:
	0 Warning(s)
	0 Error(s)
