[INFO][FMUCHK] FMI compliance checker 2.0.4 [FMILibrary: 2.0.3] build date: Nov  6 2017
[INFO][FMUCHK] Called with following options:
[INFO][FMUCHK] fmuCheck.win64.exe -k me -o CoupledClutches_ref.csv -i CoupledClutches_in.csv -e CoupledClutches_cc.log -h 1e-3 -s 1.5 CoupledClutches.fmu
[INFO][FMUCHK] Will process FMU CoupledClutches.fmu
[INFO][FMILIB] XML specifies FMI standard version 2.0
[INFO][FMUCHK] Model name: CoupledClutches
[INFO][FMUCHK] Model GUID: {20a9a3ec-488d-4c3e-a67f-1a1692ff714e}
[INFO][FMUCHK] Model version: 
[INFO][FMUCHK] FMU kind: ModelExchange
[INFO][FMUCHK] The FMU contains:
30 constants
37 parameters
15 discrete variables
101 continuous variables
1 inputs
4 outputs
141 local variables
0 independent variables
2 calculated parameters
144 real variables
25 integer variables
0 enumeration variables
16 boolean variables
0 string variables

[INFO][FMUCHK] Printing output file header
[INFO][FMUCHK] Opening input file CoupledClutches_in.csv
[INFO][FMUCHK] Detected separator character in input file: ,
[INFO][FMUCHK] Model identifier for ModelExchange: CoupledClutches
[INFO][FMILIB] Loading 'win64' binary with 'default' platform types
[INFO][FMUCHK] Version returned from ME FMU: '2.0'

[INFO][FMUCHK] Initialized FMU for simulation starting at time 0
[INFO][FMUCHK] Simulation finished successfully at time 1.5
FMU check summary:
FMU reported:
	0 warning(s) and error(s)
Checker reported:
	0 Warning(s)
	0 Error(s)
