[INFO][FMUCHK] FMI compliance checker 2.0.4 [FMILibrary: 2.0.3] build date: Nov  6 2017
[INFO][FMUCHK] Called with following options:
[INFO][FMUCHK] fmuCheck.win64.exe -k me -o BouncingBall_ref.csv -e BouncingBall_cc.log -h 1e-2 -s 10 BouncingBall.fmu
[INFO][FMUCHK] Will process FMU BouncingBall.fmu
[INFO][FMILIB] XML specifies FMI standard version 1.0
[INFO][FMUCHK] Model name: BouncingBall
[INFO][FMUCHK] Model identifier: BouncingBall
[INFO][FMUCHK] Model GUID: {42107c50-680a-4598-973f-a74920a0f10d}
[INFO][FMUCHK] Model version: 
[INFO][FMUCHK] FMU kind: ModelExchange
[INFO][FMUCHK] The FMU contains:
0 constants
1 parameters
1 discrete variables
4 continuous variables
0 inputs
2 outputs
4 internal variables
0 variables with causality 'none'
5 real variables
0 integer variables
0 enumeration variables
1 boolean variables
0 string variables

[INFO][FMUCHK] Printing output file header
[INFO][FMILIB] Loading 'win64' binary with 'standard32' platform types
[INFO][FMUCHK] Version returned from FMU:   1.0
[INFO][FMUCHK] Checking that FMI set functions can be called with zero length arrays
[INFO][FMUCHK] Initialized FMU for simulation starting at time 0
[INFO][FMUCHK] Checking that FMI get functions can be called with zero length arrays
[INFO][FMUCHK] Simulation finished successfully at time 10
FMU check summary:
FMU reported:
	0 warning(s) and error(s)
Checker reported:
	0 Warning(s)
	0 Error(s)
