[INFO][FMUCHK] FMI compliance checker 2.0.4 [FMILibrary: 2.0.3] build date: Nov  6 2017
[INFO][FMUCHK] Called with following options:
[INFO][FMUCHK] fmuCheck.win32.exe -k cs -o BouncingBall_ref.csv -e BouncingBall_cc.log -h 1e-2 -s 10 BouncingBall.fmu
[INFO][FMUCHK] Will process FMU BouncingBall.fmu
[INFO][FMILIB] XML specifies FMI standard version 2.0
[INFO][FMUCHK] Model name: BouncingBall
[INFO][FMUCHK] Model GUID: {d06e8a11-3d38-486e-9b31-534d2784f3eb}
[INFO][FMUCHK] Model version: 
[INFO][FMUCHK] FMU kind: CoSimulation
[INFO][FMUCHK] The FMU contains:
0 constants
1 parameters
1 discrete variables
4 continuous variables
0 inputs
2 outputs
3 local variables
0 independent variables
0 calculated parameters
5 real variables
0 integer variables
0 enumeration variables
1 boolean variables
0 string variables

[INFO][FMUCHK] Printing output file header
[INFO][FMUCHK] Model identifier for CoSimulation: BouncingBall
[INFO][FMILIB] Loading 'win32' binary with 'default' platform types
[INFO][FMUCHK] Version returned from CS FMU:   2.0
[INFO][FMUCHK] Initialized FMU for simulation starting at time 0
[INFO][FMUCHK] Simulation finished successfully at time 10
FMU check summary:
FMU reported:
	0 warning(s) and error(s)
Checker reported:
	0 Warning(s)
	0 Error(s)
